# JRE version: OpenJDK Runtime Environment Homebrew (11.0.15) (build 11.0.15+0)
# Java VM: OpenJDK 64-Bit Server VM Homebrew (11.0.15+0, mixed mode, tiered, compressed oops, g1 gc, bsd-aarch64)
Heap:
 garbage-first heap   total 913408K, used 498835K [0x00000004c0000000, 0x00000007c0000000)
  region size 2048K, 52 young (106496K), 2 survivors (4096K)
 Metaspace       used 66345K, capacity 67343K, committed 67760K, reserved 1110016K
  class space    used 7394K, capacity 7823K, committed 7936K, reserved 1048576K
GC Heap History (20 events):
Event: 569.472 GC heap before
{Heap before GC invocations=63 (full 0):
 garbage-first heap   total 909312K, used 811800K [0x00000004c0000000, 0x00000007c0000000)
  region size 2048K, 254 young (520192K), 1 survivors (2048K)
 Metaspace       used 66051K, capacity 67083K, committed 67504K, reserved 1110016K
  class space    used 7389K, capacity 7823K, committed 7936K, reserved 1048576K
}
Event: 569.475 GC heap after
{Heap after GC invocations=64 (full 0):
 garbage-first heap   total 909312K, used 288012K [0x00000004c0000000, 0x00000007c0000000)
  region size 2048K, 2 young (4096K), 2 survivors (4096K)
 Metaspace       used 66051K, capacity 67083K, committed 67504K, reserved 1110016K
  class space    used 7389K, capacity 7823K, committed 7936K, reserved 1048576K
}
Event: 574.284 GC heap before
{Heap before GC invocations=64 (full 0):
 garbage-first heap   total 909312K, used 812300K [0x00000004c0000000, 0x00000007c0000000)
  region size 2048K, 255 young (522240K), 2 survivors (4096K)
 Metaspace       used 66076K, capacity 67086K, committed 67504K, reserved 1110016K
  class space    used 7389K, capacity 7823K, committed 7936K, reserved 1048576K
}
Event: 574.286 GC heap after
{Heap after GC invocations=65 (full 0):
 garbage-first heap   total 909312K, used 288168K [0x00000004c0000000, 0x00000007c0000000)
  region size 2048K, 2 young (4096K), 2 survivors (4096K)
 Metaspace       used 66076K, capacity 67086K, committed 67504K, reserved 1110016K
  class space    used 7389K, capacity 7823K, committed 7936K, reserved 1048576K
}
Event: 578.558 GC heap before
{Heap before GC invocations=65 (full 0):
 garbage-first heap   total 909312K, used 812456K [0x00000004c0000000, 0x00000007c0000000)
  region size 2048K, 256 young (524288K), 2 survivors (4096K)
 Metaspace       used 66128K, capacity 67151K, committed 67760K, reserved 1110016K
  class space    used 7389K, capacity 7823K, committed 7936K, reserved 1048576K
}
Event: 578.560 GC heap after
{Heap after GC invocations=66 (full 0):
 garbage-first heap   total 909312K, used 288522K [0x00000004c0000000, 0x00000007c0000000)
  region size 2048K, 2 young (4096K), 2 survivors (4096K)
 Metaspace       used 66128K, capacity 67151K, committed 67760K, reserved 1110016K
  class space    used 7389K, capacity 7823K, committed 7936K, reserved 1048576K
}
Event: 582.904 GC heap before
{Heap before GC invocations=66 (full 0):
 garbage-first heap   total 909312K, used 812810K [0x00000004c0000000, 0x00000007c0000000)
  region size 2048K, 256 young (524288K), 2 survivors (4096K)
 Metaspace       used 66153K, capacity 67151K, committed 67760K, reserved 1110016K
  class space    used 7389K, capacity 7823K, committed 7936K, reserved 1048576K
}
Event: 582.907 GC heap after
{Heap after GC invocations=67 (full 0):
 garbage-first heap   total 909312K, used 288717K [0x00000004c0000000, 0x00000007c0000000)
  region size 2048K, 2 young (4096K), 2 survivors (4096K)
 Metaspace       used 66153K, capacity 67151K, committed 67760K, reserved 1110016K
  class space    used 7389K, capacity 7823K, committed 7936K, reserved 1048576K
}
Event: 587.310 GC heap before
{Heap before GC invocations=67 (full 0):
 garbage-first heap   total 909312K, used 813005K [0x00000004c0000000, 0x00000007c0000000)
  region size 2048K, 256 young (524288K), 2 survivors (4096K)
 Metaspace       used 66187K, capacity 67215K, committed 67760K, reserved 1110016K
  class space    used 7389K, capacity 7823K, committed 7936K, reserved 1048576K
}
Event: 587.312 GC heap after
{Heap after GC invocations=68 (full 0):
 garbage-first heap   total 909312K, used 288830K [0x00000004c0000000, 0x00000007c0000000)
  region size 2048K, 2 young (4096K), 2 survivors (4096K)
 Metaspace       used 66187K, capacity 67215K, committed 67760K, reserved 1110016K
  class space    used 7389K, capacity 7823K, committed 7936K, reserved 1048576K
}
Event: 914.231 GC heap before
{Heap before GC invocations=68 (full 0):
 garbage-first heap   total 909312K, used 804926K [0x00000004c0000000, 0x00000007c0000000)
  region size 2048K, 250 young (512000K), 2 survivors (4096K)
 Metaspace       used 66343K, capacity 67343K, committed 67760K, reserved 1110016K
  class space    used 7394K, capacity 7823K, committed 7936K, reserved 1048576K
}
Event: 914.234 GC heap after
{Heap after GC invocations=69 (full 0):
 garbage-first heap   total 909312K, used 296039K [0x00000004c0000000, 0x00000007c0000000)
  region size 2048K, 2 young (4096K), 2 survivors (4096K)
 Metaspace       used 66343K, capacity 67343K, committed 67760K, reserved 1110016K
  class space    used 7394K, capacity 7823K, committed 7936K, reserved 1048576K
}
Event: 914.912 GC heap before
{Heap before GC invocations=70 (full 0):
 garbage-first heap   total 909312K, used 906343K [0x00000004c0000000, 0x00000007c0000000)
  region size 2048K, 248 young (507904K), 2 survivors (4096K)
 Metaspace       used 66343K, capacity 67343K, committed 67760K, reserved 1110016K
  class space    used 7394K, capacity 7823K, committed 7936K, reserved 1048576K
}
Event: 914.915 GC heap after
{Heap after GC invocations=71 (full 0):
 garbage-first heap   total 913408K, used 391639K [0x00000004c0000000, 0x00000007c0000000)
  region size 2048K, 2 young (4096K), 2 survivors (4096K)
 Metaspace       used 66343K, capacity 67343K, committed 67760K, reserved 1110016K
  class space    used 7394K, capacity 7823K, committed 7936K, reserved 1048576K
}
Event: 915.366 GC heap before
{Heap before GC invocations=71 (full 0):
 garbage-first heap   total 913408K, used 821719K [0x00000004c0000000, 0x00000007c0000000)
  region size 2048K, 209 young (428032K), 2 survivors (4096K)
 Metaspace       used 66343K, capacity 67343K, committed 67760K, reserved 1110016K
  class space    used 7394K, capacity 7823K, committed 7936K, reserved 1048576K
}
Event: 915.369 GC heap after
{Heap after GC invocations=72 (full 0):
 garbage-first heap   total 913408K, used 392165K [0x00000004c0000000, 0x00000007c0000000)
  region size 2048K, 2 young (4096K), 2 survivors (4096K)
 Metaspace       used 66343K, capacity 67343K, committed 67760K, reserved 1110016K
  class space    used 7394K, capacity 7823K, committed 7936K, reserved 1048576K
}
Event: 915.836 GC heap before
{Heap before GC invocations=72 (full 0):
 garbage-first heap   total 913408K, used 822245K [0x00000004c0000000, 0x00000007c0000000)
  region size 2048K, 209 young (428032K), 2 survivors (4096K)
 Metaspace       used 66343K, capacity 67343K, committed 67760K, reserved 1110016K
  class space    used 7394K, capacity 7823K, committed 7936K, reserved 1048576K
}
Event: 915.840 GC heap after
{Heap after GC invocations=73 (full 0):
 garbage-first heap   total 913408K, used 392056K [0x00000004c0000000, 0x00000007c0000000)
  region size 2048K, 2 young (4096K), 2 survivors (4096K)
 Metaspace       used 66343K, capacity 67343K, committed 67760K, reserved 1110016K
  class space    used 7394K, capacity 7823K, committed 7936K, reserved 1048576K
}
Event: 916.299 GC heap before
{Heap before GC invocations=73 (full 0):
 garbage-first heap   total 913408K, used 822136K [0x00000004c0000000, 0x00000007c0000000)
  region size 2048K, 209 young (428032K), 2 survivors (4096K)
 Metaspace       used 66343K, capacity 67343K, committed 67760K, reserved 1110016K
  class space    used 7394K, capacity 7823K, committed 7936K, reserved 1048576K
}
Event: 916.302 GC heap after
{Heap after GC invocations=74 (full 0):
 garbage-first heap   total 913408K, used 392339K [0x00000004c0000000, 0x00000007c0000000)
  region size 2048K, 2 young (4096K), 2 survivors (4096K)
 Metaspace       used 66343K, capacity 67343K, committed 67760K, reserved 1110016K
  class space    used 7394K, capacity 7823K, committed 7936K, reserved 1048576K
}

