# JRE version: OpenJDK Runtime Environment Homebrew (11.0.15) (build 11.0.15+0)
# Java VM: OpenJDK 64-Bit Server VM Homebrew (11.0.15+0, mixed mode, tiered, compressed oops, g1 gc, bsd-aarch64)
Heap:
 garbage-first heap   total 913408K, used 787399K [0x00000004c0000000, 0x00000007c0000000)
  region size 2048K, 194 young (397312K), 2 survivors (4096K)
 Metaspace       used 65864K, capacity 66827K, committed 67120K, reserved 1107968K
  class space    used 7357K, capacity 7777K, committed 7808K, reserved 1048576K
GC Heap History (20 events):
Event: 215.192 GC heap before
{Heap before GC invocations=59 (full 0):
 garbage-first heap   total 913408K, used 812501K [0x00000004c0000000, 0x00000007c0000000)
  region size 2048K, 206 young (421888K), 1 survivors (2048K)
 Metaspace       used 65490K, capacity 66502K, committed 66864K, reserved 1107968K
  class space    used 7355K, capacity 7777K, committed 7808K, reserved 1048576K
}
Event: 215.195 GC heap after
{Heap after GC invocations=60 (full 0):
 garbage-first heap   total 913408K, used 388685K [0x00000004c0000000, 0x00000007c0000000)
  region size 2048K, 1 young (2048K), 1 survivors (2048K)
 Metaspace       used 65490K, capacity 66502K, committed 66864K, reserved 1107968K
  class space    used 7355K, capacity 7777K, committed 7808K, reserved 1048576K
}
Event: 217.533 GC heap before
{Heap before GC invocations=60 (full 0):
 garbage-first heap   total 913408K, used 814669K [0x00000004c0000000, 0x00000007c0000000)
  region size 2048K, 206 young (421888K), 1 survivors (2048K)
 Metaspace       used 65515K, capacity 66503K, committed 66864K, reserved 1107968K
  class space    used 7355K, capacity 7777K, committed 7808K, reserved 1048576K
}
Event: 217.534 GC heap after
{Heap after GC invocations=61 (full 0):
 garbage-first heap   total 913408K, used 388650K [0x00000004c0000000, 0x00000007c0000000)
  region size 2048K, 1 young (2048K), 1 survivors (2048K)
 Metaspace       used 65515K, capacity 66503K, committed 66864K, reserved 1107968K
  class space    used 7355K, capacity 7777K, committed 7808K, reserved 1048576K
}
Event: 219.875 GC heap before
{Heap before GC invocations=61 (full 0):
 garbage-first heap   total 913408K, used 814634K [0x00000004c0000000, 0x00000007c0000000)
  region size 2048K, 206 young (421888K), 1 survivors (2048K)
 Metaspace       used 65648K, capacity 66695K, committed 67120K, reserved 1107968K
  class space    used 7355K, capacity 7777K, committed 7808K, reserved 1048576K
}
Event: 219.877 GC heap after
{Heap after GC invocations=62 (full 0):
 garbage-first heap   total 913408K, used 389086K [0x00000004c0000000, 0x00000007c0000000)
  region size 2048K, 1 young (2048K), 1 survivors (2048K)
 Metaspace       used 65648K, capacity 66695K, committed 67120K, reserved 1107968K
  class space    used 7355K, capacity 7777K, committed 7808K, reserved 1048576K
}
Event: 222.265 GC heap before
{Heap before GC invocations=62 (full 0):
 garbage-first heap   total 913408K, used 815070K [0x00000004c0000000, 0x00000007c0000000)
  region size 2048K, 206 young (421888K), 1 survivors (2048K)
 Metaspace       used 65668K, capacity 66695K, committed 67120K, reserved 1107968K
  class space    used 7355K, capacity 7777K, committed 7808K, reserved 1048576K
}
Event: 222.266 GC heap after
{Heap after GC invocations=63 (full 0):
 garbage-first heap   total 913408K, used 389168K [0x00000004c0000000, 0x00000007c0000000)
  region size 2048K, 1 young (2048K), 1 survivors (2048K)
 Metaspace       used 65668K, capacity 66695K, committed 67120K, reserved 1107968K
  class space    used 7355K, capacity 7777K, committed 7808K, reserved 1048576K
}
Event: 224.674 GC heap before
{Heap before GC invocations=63 (full 0):
 garbage-first heap   total 913408K, used 813104K [0x00000004c0000000, 0x00000007c0000000)
  region size 2048K, 206 young (421888K), 1 survivors (2048K)
 Metaspace       used 65694K, capacity 66695K, committed 67120K, reserved 1107968K
  class space    used 7355K, capacity 7777K, committed 7808K, reserved 1048576K
}
Event: 224.676 GC heap after
{Heap after GC invocations=64 (full 0):
 garbage-first heap   total 913408K, used 389099K [0x00000004c0000000, 0x00000007c0000000)
  region size 2048K, 1 young (2048K), 1 survivors (2048K)
 Metaspace       used 65694K, capacity 66695K, committed 67120K, reserved 1107968K
  class space    used 7355K, capacity 7777K, committed 7808K, reserved 1048576K
}
Event: 227.137 GC heap before
{Heap before GC invocations=64 (full 0):
 garbage-first heap   total 913408K, used 815083K [0x00000004c0000000, 0x00000007c0000000)
  region size 2048K, 206 young (421888K), 1 survivors (2048K)
 Metaspace       used 65718K, capacity 66759K, committed 67120K, reserved 1107968K
  class space    used 7355K, capacity 7777K, committed 7808K, reserved 1048576K
}
Event: 227.139 GC heap after
{Heap after GC invocations=65 (full 0):
 garbage-first heap   total 913408K, used 389444K [0x00000004c0000000, 0x00000007c0000000)
  region size 2048K, 1 young (2048K), 1 survivors (2048K)
 Metaspace       used 65718K, capacity 66759K, committed 67120K, reserved 1107968K
  class space    used 7355K, capacity 7777K, committed 7808K, reserved 1048576K
}
Event: 229.491 GC heap before
{Heap before GC invocations=65 (full 0):
 garbage-first heap   total 913408K, used 815428K [0x00000004c0000000, 0x00000007c0000000)
  region size 2048K, 206 young (421888K), 1 survivors (2048K)
 Metaspace       used 65724K, capacity 66760K, committed 67120K, reserved 1107968K
  class space    used 7355K, capacity 7777K, committed 7808K, reserved 1048576K
}
Event: 229.493 GC heap after
{Heap after GC invocations=66 (full 0):
 garbage-first heap   total 913408K, used 389592K [0x00000004c0000000, 0x00000007c0000000)
  region size 2048K, 2 young (4096K), 2 survivors (4096K)
 Metaspace       used 65724K, capacity 66760K, committed 67120K, reserved 1107968K
  class space    used 7355K, capacity 7777K, committed 7808K, reserved 1048576K
}
Event: 231.861 GC heap before
{Heap before GC invocations=66 (full 0):
 garbage-first heap   total 913408K, used 815576K [0x00000004c0000000, 0x00000007c0000000)
  region size 2048K, 207 young (423936K), 2 survivors (4096K)
 Metaspace       used 65750K, capacity 66762K, committed 67120K, reserved 1107968K
  class space    used 7355K, capacity 7777K, committed 7808K, reserved 1048576K
}
Event: 231.863 GC heap after
{Heap after GC invocations=67 (full 0):
 garbage-first heap   total 913408K, used 389532K [0x00000004c0000000, 0x00000007c0000000)
  region size 2048K, 1 young (2048K), 1 survivors (2048K)
 Metaspace       used 65750K, capacity 66762K, committed 67120K, reserved 1107968K
  class space    used 7355K, capacity 7777K, committed 7808K, reserved 1048576K
}
Event: 234.131 GC heap before
{Heap before GC invocations=67 (full 0):
 garbage-first heap   total 913408K, used 817564K [0x00000004c0000000, 0x00000007c0000000)
  region size 2048K, 207 young (423936K), 1 survivors (2048K)
 Metaspace       used 65781K, capacity 66827K, committed 67120K, reserved 1107968K
  class space    used 7355K, capacity 7777K, committed 7808K, reserved 1048576K
}
Event: 234.133 GC heap after
{Heap after GC invocations=68 (full 0):
 garbage-first heap   total 913408K, used 389922K [0x00000004c0000000, 0x00000007c0000000)
  region size 2048K, 2 young (4096K), 2 survivors (4096K)
 Metaspace       used 65781K, capacity 66827K, committed 67120K, reserved 1107968K
  class space    used 7355K, capacity 7777K, committed 7808K, reserved 1048576K
}
Event: 236.476 GC heap before
{Heap before GC invocations=68 (full 0):
 garbage-first heap   total 913408K, used 815906K [0x00000004c0000000, 0x00000007c0000000)
  region size 2048K, 207 young (423936K), 2 survivors (4096K)
 Metaspace       used 65800K, capacity 66827K, committed 67120K, reserved 1107968K
  class space    used 7355K, capacity 7777K, committed 7808K, reserved 1048576K
}
Event: 236.478 GC heap after
{Heap after GC invocations=69 (full 0):
 garbage-first heap   total 913408K, used 390087K [0x00000004c0000000, 0x00000007c0000000)
  region size 2048K, 2 young (4096K), 2 survivors (4096K)
 Metaspace       used 65800K, capacity 66827K, committed 67120K, reserved 1107968K
  class space    used 7355K, capacity 7777K, committed 7808K, reserved 1048576K
}

